时间="2025-01-08T14:47:33+08:00" 级别=info Redis="连接 #1: 来自 127.0.0.1:49310 已建立\n"
时间="2025-01-08T14:47:33+08:00" 级别=info Redis="连接 #1: 收到数据: *2"
时间="2025-01-08T14:47:33+08:00" 级别=info Redis="连接 #1: 需要认证\n"
时间="2025-01-08T14:47:33+08:00" 级别=info Redis="连接 #1: 收到数据: $4"
时间="2025-01-08T14:47:33+08:00" 级别=info Redis="连接 #1: 需要认证\n"
时间="2025-01-08T14:48:38+08:00" 级别=info Redis="连接 #1: 来自 192.168.110.103:49710 已建立\n"
时间="2025-01-08T14:48:38+08:00" 级别=info Redis="连接 #1: 已断开 (EOF)\n"
时间="2025-01-08T14:48:38+08:00" 级别=info Redis="连接 #2: 来自 192.168.110.103:49711 已建立\n"
时间="2025-01-08T14:48:38+08:00" 级别=info Redis="连接 #2: 收到数据: info"
时间="2025-01-08T14:48:38+08:00" 级别=info Redis="连接 #2: 需要认证\n"
时间="2025-01-08T14:48:38+08:00" 级别=info Redis="连接 #2: 已断开 (EOF)\n"
时间="2025-01-08T14:48:38+08:00" 级别=info Redis="连接 #3: 来自 192.168.110.103:49712 已建立\n"
时间="2025-01-08T14:48:38+08:00" 级别=info Redis="连接 #3: 收到数据: auth 123456"
时间="2025-01-08T14:48:38+08:00" 级别=info Redis="连接 #3: 收到 AUTH 命令\n"
时间="2025-01-08T14:48:38+08:00" 级别=info Redis="连接 #3: 用户  认证成功\n"
时间="2025-01-08T14:48:38+08:00" 级别=info Redis="连接 #3: 收到数据: CONFIG GET dbfilename"
时间="2025-01-08T14:48:38+08:00" 级别=info Redis="连接 #3: 收到未知命令: CONFIG\n"
时间="2025-01-08T14:48:38+08:00" 级别=info Redis="连接 #3: 收到数据: CONFIG GET dir"
时间="2025-01-08T14:48:38+08:00" 级别=info Redis="连接 #3: 收到未知命令: CONFIG\n"
时间="2025-01-08T14:48:38+08:00" 级别=info Redis="连接 #3: 收到数据: CONFIG SET dir /root/.ssh/"
时间="2025-01-08T14:48:38+08:00" 级别=info Redis="连接 #3: 收到未知命令: CONFIG\n"
时间="2025-01-08T14:48:38+08:00" 级别=info Redis="连接 #3: 收到数据: CONFIG SET dir /var/spool/cron/"
时间="2025-01-08T14:48:38+08:00" 级别=info Redis="连接 #3: 收到未知命令: CONFIG\n"
时间="2025-01-08T14:48:38+08:00" 级别=info Redis="连接 #3: 收到数据: CONFIG SET dbfilename -ERR Unknown command"
时间="2025-01-08T14:48:38+08:00" 级别=info Redis="连接 #3: 收到未知命令: CONFIG\n"
时间="2025-01-08T14:48:38+08:00" 级别=info Redis="连接 #3: 收到数据: CONFIG SET dir -ERR Unknown command"
时间="2025-01-08T14:48:38+08:00" 级别=info Redis="连接 #3: 收到未知命令: CONFIG\n"
时间="2025-01-08T14:48:38+08:00" 级别=info Redis="连接 #3: 已断开 (EOF)\n"
时间="2025-01-08T14:50:04+08:00" 级别=info Redis="连接 #1: 来自 192.168.110.103:49898 已建立\n"
时间="2025-01-08T14:50:04+08:00" 级别=info Redis="连接 #2: 来自 192.168.110.103:49899 已建立\n"
时间="2025-01-08T14:50:04+08:00" 级别=info Redis="连接 #2: 收到数据: info"
时间="2025-01-08T14:50:04+08:00" 级别=info Redis="连接 #2: 需要认证\n"
时间="2025-01-08T14:50:04+08:00" 级别=info Redis="连接 #1: 已断开 (EOF)\n"
时间="2025-01-08T14:50:04+08:00" 级别=info Redis="连接 #2: 已断开 (EOF)\n"
时间="2025-01-08T14:50:04+08:00" 级别=info Redis="连接 #3: 来自 192.168.110.103:49900 已建立\n"
时间="2025-01-08T14:50:04+08:00" 级别=info Redis="连接 #3: 收到数据: auth 123456"
时间="2025-01-08T14:50:04+08:00" 级别=info Redis="连接 #3: 收到 AUTH 命令\n"
时间="2025-01-08T14:50:04+08:00" 级别=info Redis="连接 #3: 用户  认证成功\n"
时间="2025-01-08T14:50:04+08:00" 级别=info Redis="连接 #3: 收到数据: CONFIG GET dbfilename"
时间="2025-01-08T14:50:04+08:00" 级别=info Redis="连接 #3: 收到未知命令: CONFIG\n"
时间="2025-01-08T14:50:04+08:00" 级别=info Redis="连接 #3: 收到数据: CONFIG GET dir"
时间="2025-01-08T14:50:04+08:00" 级别=info Redis="连接 #3: 收到未知命令: CONFIG\n"
时间="2025-01-08T14:50:04+08:00" 级别=info Redis="连接 #3: 收到数据: CONFIG SET dir /root/.ssh/"
时间="2025-01-08T14:50:04+08:00" 级别=info Redis="连接 #3: 收到未知命令: CONFIG\n"
时间="2025-01-08T14:50:04+08:00" 级别=info Redis="连接 #3: 收到数据: CONFIG SET dir /var/spool/cron/"
时间="2025-01-08T14:50:04+08:00" 级别=info Redis="连接 #3: 收到未知命令: CONFIG\n"
时间="2025-01-08T14:50:04+08:00" 级别=info Redis="连接 #3: 收到数据: CONFIG SET dbfilename -ERR Unknown command"
时间="2025-01-08T14:50:04+08:00" 级别=info Redis="连接 #3: 收到未知命令: CONFIG\n"
时间="2025-01-08T14:50:04+08:00" 级别=info Redis="连接 #3: 收到数据: CONFIG SET dir -ERR Unknown command"
时间="2025-01-08T14:50:04+08:00" 级别=info Redis="连接 #3: 收到未知命令: CONFIG\n"
时间="2025-01-08T14:50:04+08:00" 级别=info Redis="连接 #3: 已断开 (EOF)\n"
时间="2025-01-08T15:07:38+08:00" 级别=info Redis="连接断开: EOF"
时间="2025-01-08T15:07:38+08:00" 级别=info Redis="收到数据: info"
时间="2025-01-08T15:07:38+08:00" 级别=info Redis="认证需求: 需要认证才能执行该命令"
时间="2025-01-08T15:07:38+08:00" 级别=info Redis="连接断开: EOF"
时间="2025-01-08T15:07:38+08:00" 级别=info Redis="收到数据: auth 123456"
时间="2025-01-08T15:07:38+08:00" 级别=info Redis="收到AUTH命令"
时间="2025-01-08T15:07:38+08:00" 级别=info Redis="认证成功"
时间="2025-01-08T15:07:38+08:00" 级别=info Redis="收到数据: CONFIG GET dbfilename"
时间="2025-01-08T15:07:38+08:00" 级别=info Redis="收到未知命令: CONFIG"
时间="2025-01-08T15:07:38+08:00" 级别=info Redis="收到数据: CONFIG GET dir"
时间="2025-01-08T15:07:38+08:00" 级别=info Redis="收到未知命令: CONFIG"
时间="2025-01-08T15:07:38+08:00" 级别=info Redis="收到数据: CONFIG SET dir /root/.ssh/"
时间="2025-01-08T15:07:38+08:00" 级别=info Redis="收到未知命令: CONFIG"
时间="2025-01-08T15:07:38+08:00" 级别=info Redis="收到数据: CONFIG SET dir /var/spool/cron/"
时间="2025-01-08T15:07:38+08:00" 级别=info Redis="收到未知命令: CONFIG"
时间="2025-01-08T15:07:38+08:00" 级别=info Redis="收到数据: CONFIG SET dbfilename -ERR Unknown command"
时间="2025-01-08T15:07:38+08:00" 级别=info Redis="收到未知命令: CONFIG"
时间="2025-01-08T15:07:38+08:00" 级别=info Redis="收到数据: CONFIG SET dir -ERR Unknown command"
时间="2025-01-08T15:07:38+08:00" 级别=info Redis="收到未知命令: CONFIG"
时间="2025-01-08T15:07:38+08:00" 级别=info Redis="连接断开: EOF"
